Using pre-set license
Built from '2020.3/release' branch; Version is '2020.3.34f1 (9a4c9c70452b) revision 10112156'; Using compiler version '192528614'; Build Type 'Release'
OS: 'Windows 10  (10.0.19044) 64bit Core' Language: 'pl' Physical Memory: 16253 MB
BatchMode: 1, IsHumanControllingUs: 0, StartBugReporterOnCrash: 0, Is64bit: 1, IsPro: 0

COMMAND LINE ARGUMENTS:
C:\Program Files\Unity\Hub\Editor\2020.3.34f1\Editor\Unity.exe
-adb2
-batchMode
-noUpm
-name
AssetImportWorker0
-projectPath
C:/Users/Mateusz/Four VS dead
-logFile
Logs/AssetImportWorker0.log
-srvPort
51844
Successfully changed project path to: C:/Users/Mateusz/Four VS dead
C:/Users/Mateusz/Four VS dead
Using Asset Import Pipeline V2.
Refreshing native plugins compatible for Editor in 43.65 ms, found 3 plugins.
Preloading 0 native plugins for Editor in 0.00 ms.
Initialize engine version: 2020.3.34f1 (9a4c9c70452b)
[Subsystems] Discovering subsystems at path C:/Program Files/Unity/Hub/Editor/2020.3.34f1/Editor/Data/Resources/UnitySubsystems
[Subsystems] Discovering subsystems at path C:/Users/Mateusz/Four VS dead/Assets
GfxDevice: creating device client; threaded=0
Direct3D:
    Version:  Direct3D 11.0 [level 11.1]
    Renderer: NVIDIA GeForce RTX 3060 Ti (ID=0x2489)
    Vendor:   
    VRAM:     8050 MB
    Driver:   30.0.15.1179
Initialize mono
Mono path[0] = 'C:/Program Files/Unity/Hub/Editor/2020.3.34f1/Editor/Data/Managed'
Mono path[1] = 'C:/Program Files/Unity/Hub/Editor/2020.3.34f1/Editor/Data/MonoBleedingEdge/lib/mono/unityjit'
Mono config path = 'C:/Program Files/Unity/Hub/Editor/2020.3.34f1/Editor/Data/MonoBleedingEdge/etc'
Using monoOptions --debugger-agent=transport=dt_socket,embedding=1,server=y,suspend=n,address=127.0.0.1:56128
Begin MonoManager ReloadAssembly
Registering precompiled unity dll's ...
Register platform support module: C:/Program Files/Unity/Hub/Editor/2020.3.34f1/Editor/Data/PlaybackEngines/WindowsStandaloneSupport/UnityEditor.WindowsStandalone.Extensions.dll
Register platform support module: C:/Program Files/Unity/Hub/Editor/2020.3.34f1/Editor/Data/PlaybackEngines/LinuxStandaloneSupport/UnityEditor.LinuxStandalone.Extensions.dll
Registered in 0.001800 seconds.
Native extension for LinuxStandalone target not found
Native extension for WindowsStandalone target not found
Refreshing native plugins compatible for Editor in 43.14 ms, found 3 plugins.
Preloading 0 native plugins for Editor in 0.00 ms.
Mono: successfully reloaded assembly
- Completed reload, in  0.475 seconds
Domain Reload Profiling:
	ReloadAssembly (475ms)
		BeginReloadAssembly (48ms)
			ExecutionOrderSort (0ms)
			DisableScriptedObjects (0ms)
			BackupInstance (0ms)
			ReleaseScriptingObjects (0ms)
			CreateAndSetChildDomain (1ms)
		EndReloadAssembly (369ms)
			LoadAssemblies (47ms)
			RebuildTransferFunctionScriptingTraits (0ms)
			SetupTypeCache (113ms)
			ReleaseScriptCaches (0ms)
			RebuildScriptCaches (21ms)
			SetupLoadedEditorAssemblies (154ms)
				LogAssemblyErrors (0ms)
				InitializePlatformSupportModulesInManaged (5ms)
				SetLoadedEditorAssemblies (0ms)
				RefreshPlugins (43ms)
				BeforeProcessingInitializeOnLoad (13ms)
				ProcessInitializeOnLoadAttributes (71ms)
				ProcessInitializeOnLoadMethodAttributes (21ms)
				AfterProcessingInitializeOnLoad (0ms)
				EditorAssembliesLoaded (0ms)
			ExecutionOrderSort2 (0ms)
			AwakeInstancesAfterBackupRestoration (0ms)
Platform modules already initialized, skipping
Registering precompiled user dll's ...
Registered in 0.004146 seconds.
Begin MonoManager ReloadAssembly
Native extension for LinuxStandalone target not found
Native extension for WindowsStandalone target not found
Refreshing native plugins compatible for Editor in 39.94 ms, found 3 plugins.
Preloading 0 native plugins for Editor in 0.00 ms.
Mono: successfully reloaded assembly
- Completed reload, in  0.882 seconds
Domain Reload Profiling:
	ReloadAssembly (882ms)
		BeginReloadAssembly (119ms)
			ExecutionOrderSort (0ms)
			DisableScriptedObjects (3ms)
			BackupInstance (0ms)
			ReleaseScriptingObjects (0ms)
			CreateAndSetChildDomain (16ms)
		EndReloadAssembly (714ms)
			LoadAssemblies (83ms)
			RebuildTransferFunctionScriptingTraits (0ms)
			SetupTypeCache (223ms)
			ReleaseScriptCaches (0ms)
			RebuildScriptCaches (39ms)
			SetupLoadedEditorAssemblies (287ms)
				LogAssemblyErrors (0ms)
				InitializePlatformSupportModulesInManaged (4ms)
				SetLoadedEditorAssemblies (0ms)
				RefreshPlugins (40ms)
				BeforeProcessingInitializeOnLoad (71ms)
				ProcessInitializeOnLoadAttributes (148ms)
				ProcessInitializeOnLoadMethodAttributes (18ms)
				AfterProcessingInitializeOnLoad (5ms)
				EditorAssembliesLoaded (0ms)
			ExecutionOrderSort2 (0ms)
			AwakeInstancesAfterBackupRestoration (2ms)
Platform modules already initialized, skipping
========================================================================
Worker process is ready to serve import requests
Launched and connected shader compiler UnityShaderCompiler.exe after 0.03 seconds
Refreshing native plugins compatible for Editor in 0.51 ms, found 3 plugins.
Preloading 0 native plugins for Editor in 0.00 ms.
Unloading 2485 Unused Serialized files (Serialized files now loaded: 0)
System memory in use before: 182.2 MB.
System memory in use after: 182.2 MB.

Unloading 38 unused Assets to reduce memory usage. Loaded Objects now: 2915.
Total: 2.250500 ms (FindLiveObjects: 0.125500 ms CreateObjectMapping: 0.058500 ms MarkObjects: 1.949900 ms  DeleteObjects: 0.115700 ms)

AssetImportParameters requested are different than current active one (requested -> active):
  custom:framework-win-MediaFoundation: 216162199b28c13a410421893ffa2e32 -> 
  custom:video-decoder-ogg-theora: a1e56fd34408186e4bbccfd4996cb3dc -> 
  custom:container-muxer-webm: aa71ff27fc2769a1b78a27578f13a17b -> 
  custom:container-demuxer-webm: 4f35f7cbe854078d1ac9338744f61a02 -> 
  custom:container-demuxer-ogg: 62fdf1f143b41e24485cea50d1cbac27 -> 
  custom:video-encoder-webm-vp8: eb34c28f22e8b96e1ab97ce403110664 -> 
  custom:video-decoder-webm-vp8: 9c59270c3fd7afecdb556c50c9e8de78 -> 
  custom:audio-decoder-ogg-vorbis: bf7c407c2cedff20999df2af8eb42d56 -> 
  custom:audio-encoder-webm-vorbis: bf7c407c2cedff20999df2af8eb42d56 -> 
========================================================================
Received Import Request.
  path: Assets/Resources/PhotonPrefabs/PlayerController.prefab
  artifactKey: Guid(dd4ab6246de3e7d44b03c7e71929fde3) Importer(815301076,1909f56bfc062723c751e8b465ee728b)
Start importing Assets/Resources/PhotonPrefabs/PlayerController.prefab using Guid(dd4ab6246de3e7d44b03c7e71929fde3) Importer(815301076,1909f56bfc062723c751e8b465ee728b) Asset 'Player_sprite': Transition 'shoot -> idle' in state 'shoot' doesn't have an Exit Time or any condition, transition will be ignored
UnityEngine.StackTraceUtility:ExtractStackTrace ()
UnityEditor.EditorUtility:Internal_InstantiateRemoveAllNonAnimationComponentsSingle (UnityEngine.Object,UnityEngine.Vector3,UnityEngine.Quaternion)
UnityEditor.EditorUtility:InstantiateRemoveAllNonAnimationComponents (UnityEngine.Object,UnityEngine.Vector3,UnityEngine.Quaternion)
UnityEditor.EditorUtility:InstantiateForAnimatorPreview (UnityEngine.Object)
UnityEditor.GameObjectInspector/PreviewData:UpdateGameObject (UnityEngine.Object)
UnityEditor.GameObjectInspector/PreviewData:.ctor (UnityEngine.Object)
UnityEditor.GameObjectInspector:GetPreviewData ()
UnityEditor.GameObjectInspector:RenderStaticPreview (string,UnityEngine.Object[],int,int)
UnityEditor.AssetPreviewUpdater:CreatePreviewForAsset (UnityEngine.Object,UnityEngine.Object[],string)

[C:\buildslave\unity\build\Editor/Src/Animation/StateMachine.cpp line 1847]

 -> (artifact id: '7189238661eab99003d67bc4707d88c0') in 0.126956 seconds 
========================================================================
Received Prepare
Registering precompiled user dll's ...
Registered in 0.571334 seconds.
Begin MonoManager ReloadAssembly
Native extension for LinuxStandalone target not found
Native extension for WindowsStandalone target not found
Refreshing native plugins compatible for Editor in 0.52 ms, found 3 plugins.
Preloading 0 native plugins for Editor in 0.00 ms.
Mono: successfully reloaded assembly
- Completed reload, in  7.144 seconds
Domain Reload Profiling:
	ReloadAssembly (7145ms)
		BeginReloadAssembly (2240ms)
			ExecutionOrderSort (0ms)
			DisableScriptedObjects (4ms)
			BackupInstance (0ms)
			ReleaseScriptingObjects (0ms)
			CreateAndSetChildDomain (33ms)
		EndReloadAssembly (4858ms)
			LoadAssemblies (5049ms)
			RebuildTransferFunctionScriptingTraits (0ms)
			SetupTypeCache (949ms)
			ReleaseScriptCaches (1ms)
			RebuildScriptCaches (32ms)
			SetupLoadedEditorAssemblies (902ms)
				LogAssemblyErrors (0ms)
				InitializePlatformSupportModulesInManaged (5ms)
				SetLoadedEditorAssemblies (0ms)
				RefreshPlugins (1ms)
				BeforeProcessingInitializeOnLoad (73ms)
				ProcessInitializeOnLoadAttributes (259ms)
				ProcessInitializeOnLoadMethodAttributes (560ms)
				AfterProcessingInitializeOnLoad (5ms)
				EditorAssembliesLoaded (0ms)
			ExecutionOrderSort2 (0ms)
			AwakeInstancesAfterBackupRestoration (4ms)
Platform modules already initialized, skipping
Refreshing native plugins compatible for Editor in 0.42 ms, found 3 plugins.
Preloading 0 native plugins for Editor in 0.00 ms.
Unloading 2463 Unused Serialized files (Serialized files now loaded: 0)
System memory in use before: 183.7 MB.
System memory in use after: 183.7 MB.

Unloading 26 unused Assets to reduce memory usage. Loaded Objects now: 2926.
Total: 2.575100 ms (FindLiveObjects: 0.233400 ms CreateObjectMapping: 0.121000 ms MarkObjects: 2.098100 ms  DeleteObjects: 0.121500 ms)

AssetImportParameters requested are different than current active one (requested -> active):
  custom:framework-win-MediaFoundation: 216162199b28c13a410421893ffa2e32 -> 
  custom:video-decoder-ogg-theora: a1e56fd34408186e4bbccfd4996cb3dc -> 
  custom:container-muxer-webm: aa71ff27fc2769a1b78a27578f13a17b -> 
  custom:container-demuxer-webm: 4f35f7cbe854078d1ac9338744f61a02 -> 
  custom:container-demuxer-ogg: 62fdf1f143b41e24485cea50d1cbac27 -> 
  custom:video-encoder-webm-vp8: eb34c28f22e8b96e1ab97ce403110664 -> 
  custom:video-decoder-webm-vp8: 9c59270c3fd7afecdb556c50c9e8de78 -> 
  custom:audio-decoder-ogg-vorbis: bf7c407c2cedff20999df2af8eb42d56 -> 
  custom:audio-encoder-webm-vorbis: bf7c407c2cedff20999df2af8eb42d56 -> 
========================================================================
Received Import Request.
  Time since last request: 1434.777930 seconds.
  path: Assets/Sprites/Enemy/zombie_walk.gif
  artifactKey: Guid(96bf0d1ed8b4e204298a5570fa055783) Importer(815301076,1909f56bfc062723c751e8b465ee728b)
Start importing Assets/Sprites/Enemy/zombie_walk.gif using Guid(96bf0d1ed8b4e204298a5570fa055783) Importer(815301076,1909f56bfc062723c751e8b465ee728b)  -> (artifact id: '69daa3ec37cef4af8faf16570381b718') in 0.060797 seconds 
========================================================================
Received Import Request.
  Time since last request: 1.586753 seconds.
  path: Assets/Sprites/Enemy/zombie_walk1.gif
  artifactKey: Guid(9aed76b1e80e2a24c922356d9a6f98c3) Importer(815301076,1909f56bfc062723c751e8b465ee728b)
Start importing Assets/Sprites/Enemy/zombie_walk1.gif using Guid(9aed76b1e80e2a24c922356d9a6f98c3) Importer(815301076,1909f56bfc062723c751e8b465ee728b)  -> (artifact id: 'a3167301d60699912d2806d3e5625afe') in 0.021864 seconds 
========================================================================
Received Import Request.
  Time since last request: 3.513940 seconds.
  path: Assets/Sprites/Enemy/zombie_walk1.gif
  artifactKey: Guid(9aed76b1e80e2a24c922356d9a6f98c3) Importer(815301076,1909f56bfc062723c751e8b465ee728b)
Start importing Assets/Sprites/Enemy/zombie_walk1.gif using Guid(9aed76b1e80e2a24c922356d9a6f98c3) Importer(815301076,1909f56bfc062723c751e8b465ee728b)  -> (artifact id: '9b934b9df0a826fa994abbd6181d019d') in 0.015825 seconds 
========================================================================
Received Prepare
Refreshing native plugins compatible for Editor in 3.87 ms, found 3 plugins.
Preloading 0 native plugins for Editor in 0.00 ms.
Unloading 24 Unused Serialized files (Serialized files now loaded: 0)
System memory in use before: 135.4 MB.
System memory in use after: 135.4 MB.

Unloading 24 unused Assets to reduce memory usage. Loaded Objects now: 2930.
Total: 2.505400 ms (FindLiveObjects: 0.135900 ms CreateObjectMapping: 0.064100 ms MarkObjects: 2.207000 ms  DeleteObjects: 0.097600 ms)

AssetImportParameters requested are different than current active one (requested -> active):
  custom:framework-win-MediaFoundation: 216162199b28c13a410421893ffa2e32 -> 
  custom:video-decoder-ogg-theora: a1e56fd34408186e4bbccfd4996cb3dc -> 
  custom:container-muxer-webm: aa71ff27fc2769a1b78a27578f13a17b -> 
  custom:container-demuxer-webm: 4f35f7cbe854078d1ac9338744f61a02 -> 
  custom:container-demuxer-ogg: 62fdf1f143b41e24485cea50d1cbac27 -> 
  custom:video-encoder-webm-vp8: eb34c28f22e8b96e1ab97ce403110664 -> 
  custom:video-decoder-webm-vp8: 9c59270c3fd7afecdb556c50c9e8de78 -> 
  custom:audio-decoder-ogg-vorbis: bf7c407c2cedff20999df2af8eb42d56 -> 
  custom:audio-encoder-webm-vorbis: bf7c407c2cedff20999df2af8eb42d56 -> 
========================================================================
Received Prepare
Registering precompiled user dll's ...
Registered in 0.004166 seconds.
Begin MonoManager ReloadAssembly
Native extension for LinuxStandalone target not found
Native extension for WindowsStandalone target not found
Refreshing native plugins compatible for Editor in 0.45 ms, found 3 plugins.
Preloading 0 native plugins for Editor in 0.00 ms.
Mono: successfully reloaded assembly
- Completed reload, in  0.993 seconds
Domain Reload Profiling:
	ReloadAssembly (993ms)
		BeginReloadAssembly (103ms)
			ExecutionOrderSort (0ms)
			DisableScriptedObjects (5ms)
			BackupInstance (0ms)
			ReleaseScriptingObjects (0ms)
			CreateAndSetChildDomain (31ms)
		EndReloadAssembly (833ms)
			LoadAssemblies (88ms)
			RebuildTransferFunctionScriptingTraits (0ms)
			SetupTypeCache (280ms)
			ReleaseScriptCaches (1ms)
			RebuildScriptCaches (94ms)
			SetupLoadedEditorAssemblies (289ms)
				LogAssemblyErrors (0ms)
				InitializePlatformSupportModulesInManaged (8ms)
				SetLoadedEditorAssemblies (0ms)
				RefreshPlugins (1ms)
				BeforeProcessingInitializeOnLoad (81ms)
				ProcessInitializeOnLoadAttributes (179ms)
				ProcessInitializeOnLoadMethodAttributes (15ms)
				AfterProcessingInitializeOnLoad (5ms)
				EditorAssembliesLoaded (0ms)
			ExecutionOrderSort2 (0ms)
			AwakeInstancesAfterBackupRestoration (5ms)
Platform modules already initialized, skipping
Refreshing native plugins compatible for Editor in 0.62 ms, found 3 plugins.
Preloading 0 native plugins for Editor in 0.00 ms.
Unloading 2463 Unused Serialized files (Serialized files now loaded: 0)
System memory in use before: 183.7 MB.
System memory in use after: 183.8 MB.

Unloading 26 unused Assets to reduce memory usage. Loaded Objects now: 2934.
Total: 2.810600 ms (FindLiveObjects: 0.157800 ms CreateObjectMapping: 0.196600 ms MarkObjects: 2.316400 ms  DeleteObjects: 0.138500 ms)

AssetImportParameters requested are different than current active one (requested -> active):
  custom:framework-win-MediaFoundation: 216162199b28c13a410421893ffa2e32 -> 
  custom:video-decoder-ogg-theora: a1e56fd34408186e4bbccfd4996cb3dc -> 
  custom:container-muxer-webm: aa71ff27fc2769a1b78a27578f13a17b -> 
  custom:container-demuxer-webm: 4f35f7cbe854078d1ac9338744f61a02 -> 
  custom:container-demuxer-ogg: 62fdf1f143b41e24485cea50d1cbac27 -> 
  custom:video-encoder-webm-vp8: eb34c28f22e8b96e1ab97ce403110664 -> 
  custom:video-decoder-webm-vp8: 9c59270c3fd7afecdb556c50c9e8de78 -> 
  custom:audio-decoder-ogg-vorbis: bf7c407c2cedff20999df2af8eb42d56 -> 
  custom:audio-encoder-webm-vorbis: bf7c407c2cedff20999df2af8eb42d56 -> 
========================================================================
Received Import Request.
  Time since last request: 313.278989 seconds.
  path: Assets/Resources/PhotonPrefabs/EnemyController.prefab
  artifactKey: Guid(60235fdb74ed341419987e030ebaf812) Importer(815301076,1909f56bfc062723c751e8b465ee728b)
Start importing Assets/Resources/PhotonPrefabs/EnemyController.prefab using Guid(60235fdb74ed341419987e030ebaf812) Importer(815301076,1909f56bfc062723c751e8b465ee728b)  -> (artifact id: '6695bf31f4fab270203c399d1a388e57') in 0.060494 seconds 
========================================================================
Received Import Request.
  Time since last request: 45.769818 seconds.
  path: Assets/Scenes/Game.unity
  artifactKey: Guid(704cabbf84786d444afb686579c459e2) Importer(815301076,1909f56bfc062723c751e8b465ee728b)
Start importing Assets/Scenes/Game.unity using Guid(704cabbf84786d444afb686579c459e2) Importer(815301076,1909f56bfc062723c751e8b465ee728b)  -> (artifact id: '18be2d008b8dd427c11a2b4658fefc53') in 0.007730 seconds 
========================================================================
Received Import Request.
  Time since last request: 24.669790 seconds.
  path: Assets/Resources/PhotonPrefabs/PlayerController.prefab
  artifactKey: Guid(dd4ab6246de3e7d44b03c7e71929fde3) Importer(815301076,1909f56bfc062723c751e8b465ee728b)
Start importing Assets/Resources/PhotonPrefabs/PlayerController.prefab using Guid(dd4ab6246de3e7d44b03c7e71929fde3) Importer(815301076,1909f56bfc062723c751e8b465ee728b)  -> (artifact id: 'bbdd2072a2704605322f70e9b6692a92') in 0.084813 seconds 
========================================================================
Received Import Request.
  Time since last request: 193.178218 seconds.
  path: Assets/Sprites/Enemy/zombie_walk.gif
  artifactKey: Guid(96bf0d1ed8b4e204298a5570fa055783) Importer(815301076,1909f56bfc062723c751e8b465ee728b)
Start importing Assets/Sprites/Enemy/zombie_walk.gif using Guid(96bf0d1ed8b4e204298a5570fa055783) Importer(815301076,1909f56bfc062723c751e8b465ee728b)  -> (artifact id: '6904a294dee099095119754eab74b2d0') in 0.023330 seconds 
========================================================================
Received Import Request.
  Time since last request: 1.748915 seconds.
  path: Assets/Sprites/background_gradient.png
  artifactKey: Guid(d6a47939492e4c2439bdfc7e64f2ea2c) Importer(815301076,1909f56bfc062723c751e8b465ee728b)
Start importing Assets/Sprites/background_gradient.png using Guid(d6a47939492e4c2439bdfc7e64f2ea2c) Importer(815301076,1909f56bfc062723c751e8b465ee728b)  -> (artifact id: '02dc46a9f47eab40c72fb11f3461f9e7') in 0.016626 seconds 
========================================================================
Received Import Request.
  Time since last request: 14.493401 seconds.
  path: Assets/Scenes/Login.unity
  artifactKey: Guid(ea42dc0053813de4a92ef715bff77253) Importer(815301076,1909f56bfc062723c751e8b465ee728b)
Start importing Assets/Scenes/Login.unity using Guid(ea42dc0053813de4a92ef715bff77253) Importer(815301076,1909f56bfc062723c751e8b465ee728b)  -> (artifact id: '3197b8eaf86da1a1272eb253bb122f42') in 0.006668 seconds 
========================================================================
Received Import Request.
  Time since last request: 37.070341 seconds.
  path: Assets/Scenes/Game.unity
  artifactKey: Guid(704cabbf84786d444afb686579c459e2) Importer(815301076,1909f56bfc062723c751e8b465ee728b)
Start importing Assets/Scenes/Game.unity using Guid(704cabbf84786d444afb686579c459e2) Importer(815301076,1909f56bfc062723c751e8b465ee728b)  -> (artifact id: 'afa93003379abdf91dcbbb5485209363') in 0.008675 seconds 
========================================================================
Received Prepare
Registering precompiled user dll's ...
Registered in 0.004954 seconds.
Begin MonoManager ReloadAssembly
Native extension for LinuxStandalone target not found
Native extension for WindowsStandalone target not found
Refreshing native plugins compatible for Editor in 0.42 ms, found 3 plugins.
Preloading 0 native plugins for Editor in 0.00 ms.
Mono: successfully reloaded assembly
- Completed reload, in  0.788 seconds
Domain Reload Profiling:
	ReloadAssembly (789ms)
		BeginReloadAssembly (97ms)
			ExecutionOrderSort (0ms)
			DisableScriptedObjects (4ms)
			BackupInstance (0ms)
			ReleaseScriptingObjects (0ms)
			CreateAndSetChildDomain (31ms)
		EndReloadAssembly (643ms)
			LoadAssemblies (78ms)
			RebuildTransferFunctionScriptingTraits (0ms)
			SetupTypeCache (225ms)
			ReleaseScriptCaches (1ms)
			RebuildScriptCaches (32ms)
			SetupLoadedEditorAssemblies (242ms)
				LogAssemblyErrors (0ms)
				InitializePlatformSupportModulesInManaged (6ms)
				SetLoadedEditorAssemblies (0ms)
				RefreshPlugins (0ms)
				BeforeProcessingInitializeOnLoad (67ms)
				ProcessInitializeOnLoadAttributes (151ms)
				ProcessInitializeOnLoadMethodAttributes (13ms)
				AfterProcessingInitializeOnLoad (4ms)
				EditorAssembliesLoaded (0ms)
			ExecutionOrderSort2 (0ms)
			AwakeInstancesAfterBackupRestoration (4ms)
Platform modules already initialized, skipping
Refreshing native plugins compatible for Editor in 0.59 ms, found 3 plugins.
Preloading 0 native plugins for Editor in 0.00 ms.
Unloading 2463 Unused Serialized files (Serialized files now loaded: 0)
System memory in use before: 183.8 MB.
System memory in use after: 183.9 MB.

Unloading 27 unused Assets to reduce memory usage. Loaded Objects now: 2942.
Total: 2.523700 ms (FindLiveObjects: 0.156500 ms CreateObjectMapping: 0.108200 ms MarkObjects: 2.130300 ms  DeleteObjects: 0.127800 ms)

AssetImportParameters requested are different than current active one (requested -> active):
  custom:framework-win-MediaFoundation: 216162199b28c13a410421893ffa2e32 -> 
  custom:video-decoder-ogg-theora: a1e56fd34408186e4bbccfd4996cb3dc -> 
  custom:container-muxer-webm: aa71ff27fc2769a1b78a27578f13a17b -> 
  custom:container-demuxer-webm: 4f35f7cbe854078d1ac9338744f61a02 -> 
  custom:container-demuxer-ogg: 62fdf1f143b41e24485cea50d1cbac27 -> 
  custom:video-encoder-webm-vp8: eb34c28f22e8b96e1ab97ce403110664 -> 
  custom:video-decoder-webm-vp8: 9c59270c3fd7afecdb556c50c9e8de78 -> 
  custom:audio-decoder-ogg-vorbis: bf7c407c2cedff20999df2af8eb42d56 -> 
  custom:audio-encoder-webm-vorbis: bf7c407c2cedff20999df2af8eb42d56 -> 
========================================================================
Received Import Request.
  Time since last request: 1346.134266 seconds.
  path: Assets/Sprites/button_bg.png
  artifactKey: Guid(96819ccf3fb0ce54bb9ed9f404973d99) Importer(815301076,1909f56bfc062723c751e8b465ee728b)
Start importing Assets/Sprites/button_bg.png using Guid(96819ccf3fb0ce54bb9ed9f404973d99) Importer(815301076,1909f56bfc062723c751e8b465ee728b)  -> (artifact id: '6e1fdd42fbdb906385cf9666fb6e8083') in 0.049873 seconds 
========================================================================
Received Import Request.
  Time since last request: 8.117353 seconds.
  path: Assets/Sprites/button_bg.png
  artifactKey: Guid(96819ccf3fb0ce54bb9ed9f404973d99) Importer(815301076,1909f56bfc062723c751e8b465ee728b)
Start importing Assets/Sprites/button_bg.png using Guid(96819ccf3fb0ce54bb9ed9f404973d99) Importer(815301076,1909f56bfc062723c751e8b465ee728b)  -> (artifact id: '6040343528c77780af2d092a5326545e') in 0.017094 seconds 
========================================================================
Received Import Request.
  Time since last request: 146.670326 seconds.
  path: Assets/Sprites/button_bg.png
  artifactKey: Guid(96819ccf3fb0ce54bb9ed9f404973d99) Importer(815301076,1909f56bfc062723c751e8b465ee728b)
Start importing Assets/Sprites/button_bg.png using Guid(96819ccf3fb0ce54bb9ed9f404973d99) Importer(815301076,1909f56bfc062723c751e8b465ee728b)  -> (artifact id: '8fee1e23227496039becc4ccdfda9f9e') in 0.020883 seconds 
========================================================================
Received Import Request.
  Time since last request: 507.949665 seconds.
  path: Assets/Scenes/Game.unity
  artifactKey: Guid(704cabbf84786d444afb686579c459e2) Importer(815301076,1909f56bfc062723c751e8b465ee728b)
Start importing Assets/Scenes/Game.unity using Guid(704cabbf84786d444afb686579c459e2) Importer(815301076,1909f56bfc062723c751e8b465ee728b)  -> (artifact id: '5cd844a9fe7dc32db72090228ecf28d2') in 0.002244 seconds 
========================================================================
Received Import Request.
  Time since last request: 355.342255 seconds.
  path: Assets/Scenes/Login.unity
  artifactKey: Guid(ea42dc0053813de4a92ef715bff77253) Importer(815301076,1909f56bfc062723c751e8b465ee728b)
Start importing Assets/Scenes/Login.unity using Guid(ea42dc0053813de4a92ef715bff77253) Importer(815301076,1909f56bfc062723c751e8b465ee728b)  -> (artifact id: 'd1ed7f146584ae65ef5ba1774a426d42') in 0.005868 seconds 
========================================================================
Received Import Request.
  Time since last request: 81.380905 seconds.
  path: Assets/Scenes/Game.unity
  artifactKey: Guid(704cabbf84786d444afb686579c459e2) Importer(815301076,1909f56bfc062723c751e8b465ee728b)
Start importing Assets/Scenes/Game.unity using Guid(704cabbf84786d444afb686579c459e2) Importer(815301076,1909f56bfc062723c751e8b465ee728b)  -> (artifact id: 'fa4ca952d9750510198862994411c6cc') in 0.002250 seconds 
========================================================================
Received Prepare
Registering precompiled user dll's ...
Registered in 0.003970 seconds.
Begin MonoManager ReloadAssembly
Native extension for LinuxStandalone target not found
Native extension for WindowsStandalone target not found
Refreshing native plugins compatible for Editor in 0.42 ms, found 3 plugins.
Preloading 0 native plugins for Editor in 0.00 ms.
Mono: successfully reloaded assembly
- Completed reload, in  0.806 seconds
Domain Reload Profiling:
	ReloadAssembly (807ms)
		BeginReloadAssembly (115ms)
			ExecutionOrderSort (0ms)
			DisableScriptedObjects (5ms)
			BackupInstance (0ms)
			ReleaseScriptingObjects (0ms)
			CreateAndSetChildDomain (38ms)
		EndReloadAssembly (643ms)
			LoadAssemblies (86ms)
			RebuildTransferFunctionScriptingTraits (0ms)
			SetupTypeCache (217ms)
			ReleaseScriptCaches (1ms)
			RebuildScriptCaches (32ms)
			SetupLoadedEditorAssemblies (247ms)
				LogAssemblyErrors (0ms)
				InitializePlatformSupportModulesInManaged (5ms)
				SetLoadedEditorAssemblies (0ms)
				RefreshPlugins (0ms)
				BeforeProcessingInitializeOnLoad (68ms)
				ProcessInitializeOnLoadAttributes (154ms)
				ProcessInitializeOnLoadMethodAttributes (14ms)
				AfterProcessingInitializeOnLoad (5ms)
				EditorAssembliesLoaded (0ms)
			ExecutionOrderSort2 (0ms)
			AwakeInstancesAfterBackupRestoration (4ms)
Platform modules already initialized, skipping
Refreshing native plugins compatible for Editor in 0.55 ms, found 3 plugins.
Preloading 0 native plugins for Editor in 0.00 ms.
Unloading 2463 Unused Serialized files (Serialized files now loaded: 0)
System memory in use before: 183.8 MB.
System memory in use after: 183.9 MB.

Unloading 26 unused Assets to reduce memory usage. Loaded Objects now: 2949.
Total: 2.124300 ms (FindLiveObjects: 0.130700 ms CreateObjectMapping: 0.058200 ms MarkObjects: 1.829500 ms  DeleteObjects: 0.105300 ms)

AssetImportParameters requested are different than current active one (requested -> active):
  custom:framework-win-MediaFoundation: 216162199b28c13a410421893ffa2e32 -> 
  custom:video-decoder-ogg-theora: a1e56fd34408186e4bbccfd4996cb3dc -> 
  custom:container-muxer-webm: aa71ff27fc2769a1b78a27578f13a17b -> 
  custom:container-demuxer-webm: 4f35f7cbe854078d1ac9338744f61a02 -> 
  custom:container-demuxer-ogg: 62fdf1f143b41e24485cea50d1cbac27 -> 
  custom:video-encoder-webm-vp8: eb34c28f22e8b96e1ab97ce403110664 -> 
  custom:video-decoder-webm-vp8: 9c59270c3fd7afecdb556c50c9e8de78 -> 
  custom:audio-decoder-ogg-vorbis: bf7c407c2cedff20999df2af8eb42d56 -> 
  custom:audio-encoder-webm-vorbis: bf7c407c2cedff20999df2af8eb42d56 -> 
========================================================================
Received Prepare
Refreshing native plugins compatible for Editor in 3.95 ms, found 3 plugins.
Preloading 0 native plugins for Editor in 0.00 ms.
Unloading 24 Unused Serialized files (Serialized files now loaded: 0)
System memory in use before: 135.4 MB.
System memory in use after: 135.5 MB.

Unloading 24 unused Assets to reduce memory usage. Loaded Objects now: 2949.
Total: 2.227900 ms (FindLiveObjects: 0.138000 ms CreateObjectMapping: 0.058300 ms MarkObjects: 1.920600 ms  DeleteObjects: 0.110400 ms)

AssetImportParameters requested are different than current active one (requested -> active):
  custom:framework-win-MediaFoundation: 216162199b28c13a410421893ffa2e32 -> 
  custom:video-decoder-ogg-theora: a1e56fd34408186e4bbccfd4996cb3dc -> 
  custom:container-muxer-webm: aa71ff27fc2769a1b78a27578f13a17b -> 
  custom:container-demuxer-webm: 4f35f7cbe854078d1ac9338744f61a02 -> 
  custom:container-demuxer-ogg: 62fdf1f143b41e24485cea50d1cbac27 -> 
  custom:video-encoder-webm-vp8: eb34c28f22e8b96e1ab97ce403110664 -> 
  custom:video-decoder-webm-vp8: 9c59270c3fd7afecdb556c50c9e8de78 -> 
  custom:audio-decoder-ogg-vorbis: bf7c407c2cedff20999df2af8eb42d56 -> 
  custom:audio-encoder-webm-vorbis: bf7c407c2cedff20999df2af8eb42d56 -> 
========================================================================
Received Import Request.
  Time since last request: 50.420593 seconds.
  path: Assets/AstarPathfindingProject/Editor/EditorAssets/images/ArrowDown.png
  artifactKey: Guid(12ea2fbedc5cc4bd191d795f44b2de75) Importer(815301076,1909f56bfc062723c751e8b465ee728b)
Start importing Assets/AstarPathfindingProject/Editor/EditorAssets/images/ArrowDown.png using Guid(12ea2fbedc5cc4bd191d795f44b2de75) Importer(815301076,1909f56bfc062723c751e8b465ee728b)  -> (artifact id: 'eb93bdf9d2fb20dac776ffdb8e0d848b') in 0.036949 seconds 
========================================================================
Received Import Request.
  Time since last request: 0.000191 seconds.
  path: Assets/AstarPathfindingProject/Editor/EditorAssets/images/ArrowUp.png
  artifactKey: Guid(b1722c752c8754c5281b2efd6cf8477c) Importer(815301076,1909f56bfc062723c751e8b465ee728b)
Start importing Assets/AstarPathfindingProject/Editor/EditorAssets/images/ArrowUp.png using Guid(b1722c752c8754c5281b2efd6cf8477c) Importer(815301076,1909f56bfc062723c751e8b465ee728b)  -> (artifact id: '051ff6cf0f723597ef434f1485268903') in 0.012984 seconds 
========================================================================
Received Import Request.
  Time since last request: 0.000171 seconds.
  path: Assets/AstarPathfindingProject/ExampleScenes/Example2_Terrain/checkerGround.psd
  artifactKey: Guid(ee2523340e7944c4297a80937a51484c) Importer(815301076,1909f56bfc062723c751e8b465ee728b)
Start importing Assets/AstarPathfindingProject/ExampleScenes/Example2_Terrain/checkerGround.psd using Guid(ee2523340e7944c4297a80937a51484c) Importer(815301076,1909f56bfc062723c751e8b465ee728b)  -> (artifact id: 'da60fc52fb8a2b9e581bfed4cbf11b48') in 0.019678 seconds 
========================================================================
Received Import Request.
  Time since last request: 0.000150 seconds.
  path: Assets/AstarPathfindingProject/Editor/EditorAssets/images/ArrowDown_on.png
  artifactKey: Guid(d8951099054c64beaaa49d675d71cfcf) Importer(815301076,1909f56bfc062723c751e8b465ee728b)
Start importing Assets/AstarPathfindingProject/Editor/EditorAssets/images/ArrowDown_on.png using Guid(d8951099054c64beaaa49d675d71cfcf) Importer(815301076,1909f56bfc062723c751e8b465ee728b)  -> (artifact id: 'c209491eccfb2597f462c8638fd4ed27') in 0.012483 seconds 
========================================================================
Received Import Request.
  Time since last request: 0.000151 seconds.
  path: Assets/AstarPathfindingProject/Editor/EditorAssets/images/ArrowUp_on.png
  artifactKey: Guid(4c914fdaf554243fe9fb26afc323caef) Importer(815301076,1909f56bfc062723c751e8b465ee728b)
Start importing Assets/AstarPathfindingProject/Editor/EditorAssets/images/ArrowUp_on.png using Guid(4c914fdaf554243fe9fb26afc323caef) Importer(815301076,1909f56bfc062723c751e8b465ee728b)  -> (artifact id: 'bb7c3eaf2d5518dd47074cf0cabc5ef6') in 0.015219 seconds 
========================================================================
Received Import Request.
  Time since last request: 0.000148 seconds.
  path: Assets/AstarPathfindingProject/Editor/EditorAssets/LightSkin/colorInterpolationBox.png
  artifactKey: Guid(9bf4f8f9d8795455bb87213dd56ed793) Importer(815301076,1909f56bfc062723c751e8b465ee728b)
Start importing Assets/AstarPathfindingProject/Editor/EditorAssets/LightSkin/colorInterpolationBox.png using Guid(9bf4f8f9d8795455bb87213dd56ed793) Importer(815301076,1909f56bfc062723c751e8b465ee728b)  -> (artifact id: '324d493c657aa9edcc9d64dfd0e7f551') in 0.013507 seconds 
========================================================================
Received Import Request.
  Time since last request: 1.853933 seconds.
  path: Assets/AstarPathfindingProject/Editor/EditorAssets/DarkSkin/colorInterpolationBox.png
  artifactKey: Guid(0790ee8db18ed49ed8369be285199835) Importer(815301076,1909f56bfc062723c751e8b465ee728b)
Start importing Assets/AstarPathfindingProject/Editor/EditorAssets/DarkSkin/colorInterpolationBox.png using Guid(0790ee8db18ed49ed8369be285199835) Importer(815301076,1909f56bfc062723c751e8b465ee728b)  -> (artifact id: '46e913e59227649529a9f4aff2f51c36') in 0.014742 seconds 
========================================================================
Received Import Request.
  Time since last request: 0.025500 seconds.
  path: Assets/Fonts/Creepster-Regular SDF.asset
  artifactKey: Guid(84e61a27abd2ca74b9c020720338c9e0) Importer(815301076,1909f56bfc062723c751e8b465ee728b)
Start importing Assets/Fonts/Creepster-Regular SDF.asset using Guid(84e61a27abd2ca74b9c020720338c9e0) Importer(815301076,1909f56bfc062723c751e8b465ee728b)  -> (artifact id: 'ac92af99aedb1d43e2fa1ff5854600d8') in 0.086397 seconds 
========================================================================
Received Import Request.
  Time since last request: 0.000167 seconds.
  path: Assets/AstarPathfindingProject/Editor/EditorAssets/DarkSkin/editButton@2x.png
  artifactKey: Guid(e8ebb72a41d314b288545fddfd20cafd) Importer(815301076,1909f56bfc062723c751e8b465ee728b)
Start importing Assets/AstarPathfindingProject/Editor/EditorAssets/DarkSkin/editButton@2x.png using Guid(e8ebb72a41d314b288545fddfd20cafd) Importer(815301076,1909f56bfc062723c751e8b465ee728b)  -> (artifact id: '0b4f23d7b179f54c89af7ac2e3e55a12') in 0.017871 seconds 
========================================================================
Received Import Request.
  Time since last request: 0.000152 seconds.
  path: Assets/Fonts/Creepster-Regular.ttf
  artifactKey: Guid(fc64c2eb1d347bb4c92ff319d4e13613) Importer(815301076,1909f56bfc062723c751e8b465ee728b)
Start importing Assets/Fonts/Creepster-Regular.ttf using Guid(fc64c2eb1d347bb4c92ff319d4e13613) Importer(815301076,1909f56bfc062723c751e8b465ee728b)  -> (artifact id: 'f01242b36648530e19cf741a21cfcded') in 0.024143 seconds 
========================================================================
Received Import Request.
  Time since last request: 0.000192 seconds.
  path: Assets/AstarPathfindingProject/Editor/EditorAssets/LightSkin/editButton_active@1x.png
  artifactKey: Guid(3354fe2e1951d420fa49d8f4fec2954b) Importer(815301076,1909f56bfc062723c751e8b465ee728b)
Start importing Assets/AstarPathfindingProject/Editor/EditorAssets/LightSkin/editButton_active@1x.png using Guid(3354fe2e1951d420fa49d8f4fec2954b) Importer(815301076,1909f56bfc062723c751e8b465ee728b)  -> (artifact id: '9d94af71e1d7dc22140c1c9748227d39') in 0.017255 seconds 
========================================================================
Received Import Request.
  Time since last request: 0.000176 seconds.
  path: Assets/AstarPathfindingProject/Editor/EditorAssets/DarkSkin/gizmoButton_off@1x.png
  artifactKey: Guid(b05124c2b9dc5429a84ef0195a916fce) Importer(815301076,1909f56bfc062723c751e8b465ee728b)
Start importing Assets/AstarPathfindingProject/Editor/EditorAssets/DarkSkin/gizmoButton_off@1x.png using Guid(b05124c2b9dc5429a84ef0195a916fce) Importer(815301076,1909f56bfc062723c751e8b465ee728b)  -> (artifact id: '29ca7d12006a5f8d525c8f0392f1a701') in 0.016114 seconds 
========================================================================
Received Import Request.
  Time since last request: 0.000176 seconds.
  path: Assets/AstarPathfindingProject/Editor/EditorAssets/LightSkin/deleteButton@1x.png
  artifactKey: Guid(3240f334343ca4dee8239c16d2de57c6) Importer(815301076,1909f56bfc062723c751e8b465ee728b)
Start importing Assets/AstarPathfindingProject/Editor/EditorAssets/LightSkin/deleteButton@1x.png using Guid(3240f334343ca4dee8239c16d2de57c6) Importer(815301076,1909f56bfc062723c751e8b465ee728b)  -> (artifact id: '864f973e9968115bf72fe7f46265c084') in 0.017806 seconds 
========================================================================
Received Import Request.
  Time since last request: 0.000143 seconds.
  path: Assets/AstarPathfindingProject/Editor/EditorAssets/LightSkin/gizmoButton_off@1x.png
  artifactKey: Guid(c780955fc9d0f458abc0de8f2f9cedb2) Importer(815301076,1909f56bfc062723c751e8b465ee728b)
Start importing Assets/AstarPathfindingProject/Editor/EditorAssets/LightSkin/gizmoButton_off@1x.png using Guid(c780955fc9d0f458abc0de8f2f9cedb2) Importer(815301076,1909f56bfc062723c751e8b465ee728b)  -> (artifact id: '1b99de92012701d5e2464a409fa89143') in 0.014769 seconds 
========================================================================
Received Import Request.
  Time since last request: 0.000162 seconds.
  path: Assets/AstarPathfindingProject/Editor/EditorAssets/DarkSkin/editButton@1x.png
  artifactKey: Guid(705155b2c3fce47f0a818ac32d5abe3f) Importer(815301076,1909f56bfc062723c751e8b465ee728b)
Start importing Assets/AstarPathfindingProject/Editor/EditorAssets/DarkSkin/editButton@1x.png using Guid(705155b2c3fce47f0a818ac32d5abe3f) Importer(815301076,1909f56bfc062723c751e8b465ee728b)  -> (artifact id: 'c3a2facb7710d7579fced403d8a308f2') in 0.015924 seconds 
========================================================================
Received Import Request.
  Time since last request: 0.000181 seconds.
  path: Assets/AstarPathfindingProject/Editor/EditorAssets/LightSkin/deleteButton_active@2x.png
  artifactKey: Guid(19e49615b2c8540fd8a11acd2a26c335) Importer(815301076,1909f56bfc062723c751e8b465ee728b)
Start importing Assets/AstarPathfindingProject/Editor/EditorAssets/LightSkin/deleteButton_active@2x.png using Guid(19e49615b2c8540fd8a11acd2a26c335) Importer(815301076,1909f56bfc062723c751e8b465ee728b)  -> (artifact id: 'bf4c644876f316caa0a8ffd29c305ec5') in 0.014809 seconds 
========================================================================
Received Import Request.
  Time since last request: 0.000199 seconds.
  path: Assets/AstarPathfindingProject/Editor/EditorAssets/DarkSkin/gizmoButton_off@2x.png
  artifactKey: Guid(3772050cdbd2a472789aa76d6de5b270) Importer(815301076,1909f56bfc062723c751e8b465ee728b)
Start importing Assets/AstarPathfindingProject/Editor/EditorAssets/DarkSkin/gizmoButton_off@2x.png using Guid(3772050cdbd2a472789aa76d6de5b270) Importer(815301076,1909f56bfc062723c751e8b465ee728b)  -> (artifact id: 'bc93752b829d5e04e63e8907d38a65fb') in 0.018682 seconds 
========================================================================
Received Import Request.
  Time since last request: 0.000217 seconds.
  path: Assets/AstarPathfindingProject/Editor/EditorAssets/LightSkin/editButton@1x.png
  artifactKey: Guid(71ef598858974450ead310c33f29d5d3) Importer(815301076,1909f56bfc062723c751e8b465ee728b)
Start importing Assets/AstarPathfindingProject/Editor/EditorAssets/LightSkin/editButton@1x.png using Guid(71ef598858974450ead310c33f29d5d3) Importer(815301076,1909f56bfc062723c751e8b465ee728b)  -> (artifact id: '9f93ad2699f73fd07fa9144f10c61d30') in 0.018085 seconds 
========================================================================
Received Import Request.
  Time since last request: 0.000172 seconds.
  path: Assets/AstarPathfindingProject/Editor/EditorAssets/DarkSkin/editButton_active@2x.png
  artifactKey: Guid(f6a4baf90a7bb4e4a92abe07f1a0a9d3) Importer(815301076,1909f56bfc062723c751e8b465ee728b)
Start importing Assets/AstarPathfindingProject/Editor/EditorAssets/DarkSkin/editButton_active@2x.png using Guid(f6a4baf90a7bb4e4a92abe07f1a0a9d3) Importer(815301076,1909f56bfc062723c751e8b465ee728b)  -> (artifact id: 'f7c1b2ce2a1e661b0bc22376fd1c23a6') in 0.018558 seconds 
========================================================================
Received Import Request.
  Time since last request: 0.000186 seconds.
  path: Assets/AstarPathfindingProject/Editor/EditorAssets/LightSkin/deleteButton@2x.png
  artifactKey: Guid(6444e8eb74e6f40e0a966d1e26744d08) Importer(815301076,1909f56bfc062723c751e8b465ee728b)
Start importing Assets/AstarPathfindingProject/Editor/EditorAssets/LightSkin/deleteButton@2x.png using Guid(6444e8eb74e6f40e0a966d1e26744d08) Importer(815301076,1909f56bfc062723c751e8b465ee728b)  -> (artifact id: 'a0271592b498cbf151ddd3218d2bb430') in 0.017450 seconds 
========================================================================
Received Import Request.
  Time since last request: 0.000190 seconds.
  path: Assets/AstarPathfindingProject/Editor/EditorAssets/DarkSkin/deleteButton@1x.png
  artifactKey: Guid(b5a4a564ac2dc4261a13719673f157e1) Importer(815301076,1909f56bfc062723c751e8b465ee728b)
Start importing Assets/AstarPathfindingProject/Editor/EditorAssets/DarkSkin/deleteButton@1x.png using Guid(b5a4a564ac2dc4261a13719673f157e1) Importer(815301076,1909f56bfc062723c751e8b465ee728b)  -> (artifact id: '802f3add9a1a5611a48ad0ea91c0de98') in 0.013086 seconds 
========================================================================
Received Import Request.
  Time since last request: 0.000149 seconds.
  path: Assets/AstarPathfindingProject/Editor/EditorAssets/DarkSkin/deleteButton_active@2x.png
  artifactKey: Guid(b9d7d6d7befb34b9c889e6195746c452) Importer(815301076,1909f56bfc062723c751e8b465ee728b)
Start importing Assets/AstarPathfindingProject/Editor/EditorAssets/DarkSkin/deleteButton_active@2x.png using Guid(b9d7d6d7befb34b9c889e6195746c452) Importer(815301076,1909f56bfc062723c751e8b465ee728b)  -> (artifact id: '98637022737aa0ba7d41865326c8c7be') in 0.015169 seconds 
========================================================================
Received Import Request.
  Time since last request: 0.000143 seconds.
  path: Assets/AstarPathfindingProject/Editor/EditorAssets/LightSkin/editButton@2x.png
  artifactKey: Guid(7e276a83ed42e4e3584a50b6084eef8d) Importer(815301076,1909f56bfc062723c751e8b465ee728b)
Start importing Assets/AstarPathfindingProject/Editor/EditorAssets/LightSkin/editButton@2x.png using Guid(7e276a83ed42e4e3584a50b6084eef8d) Importer(815301076,1909f56bfc062723c751e8b465ee728b)  -> (artifact id: 'f6b5d193d4bae3458766db265369485c') in 0.014102 seconds 
========================================================================
Received Import Request.
  Time since last request: 0.000166 seconds.
  path: Assets/AstarPathfindingProject/Editor/EditorAssets/DarkSkin/deleteButton@2x.png
  artifactKey: Guid(c730485723dee4bcbad9d8a7593a8799) Importer(815301076,1909f56bfc062723c751e8b465ee728b)
Start importing Assets/AstarPathfindingProject/Editor/EditorAssets/DarkSkin/deleteButton@2x.png using Guid(c730485723dee4bcbad9d8a7593a8799) Importer(815301076,1909f56bfc062723c751e8b465ee728b)  -> (artifact id: '7aeb77f1055938ba2fa7a0a427be78c9') in 0.014101 seconds 
========================================================================
Received Import Request.
  Time since last request: 0.000149 seconds.
  path: Assets/AstarPathfindingProject/Editor/EditorAssets/DarkSkin/gizmoButton_on@1x.png
  artifactKey: Guid(54ad5f6eb8a9349568e58cd1204388a2) Importer(815301076,1909f56bfc062723c751e8b465ee728b)
Start importing Assets/AstarPathfindingProject/Editor/EditorAssets/DarkSkin/gizmoButton_on@1x.png using Guid(54ad5f6eb8a9349568e58cd1204388a2) Importer(815301076,1909f56bfc062723c751e8b465ee728b)  -> (artifact id: 'ae3c47a3e556b031422ea3f1ce5035eb') in 0.014687 seconds 
========================================================================
Received Import Request.
  Time since last request: 0.000166 seconds.
  path: Assets/AstarPathfindingProject/Editor/EditorAssets/LightSkin/deleteButton_active@1x.png
  artifactKey: Guid(c051ffc737cd54d909137d2937e82930) Importer(815301076,1909f56bfc062723c751e8b465ee728b)
Start importing Assets/AstarPathfindingProject/Editor/EditorAssets/LightSkin/deleteButton_active@1x.png using Guid(c051ffc737cd54d909137d2937e82930) Importer(815301076,1909f56bfc062723c751e8b465ee728b)  -> (artifact id: 'fe477558e6558db120ccd35158277e3b') in 0.016696 seconds 
========================================================================
Received Import Request.
  Time since last request: 0.000221 seconds.
  path: Assets/AstarPathfindingProject/ExampleScenes/Materials/Textures/Falloff-Reflected.psd
  artifactKey: Guid(5d4852a517f1f496ebca302bd37b988a) Importer(815301076,1909f56bfc062723c751e8b465ee728b)
Start importing Assets/AstarPathfindingProject/ExampleScenes/Materials/Textures/Falloff-Reflected.psd using Guid(5d4852a517f1f496ebca302bd37b988a) Importer(815301076,1909f56bfc062723c751e8b465ee728b)  -> (artifact id: '3ab4b2751f05805d477744c3eccd3870') in 0.018658 seconds 
========================================================================
Received Import Request.
  Time since last request: 0.000144 seconds.
  path: Assets/AstarPathfindingProject/Editor/EditorAssets/LightSkin/editButton_active@2x.png
  artifactKey: Guid(f7ae6f90d33d043c684812513307ec16) Importer(815301076,1909f56bfc062723c751e8b465ee728b)
Start importing Assets/AstarPathfindingProject/Editor/EditorAssets/LightSkin/editButton_active@2x.png using Guid(f7ae6f90d33d043c684812513307ec16) Importer(815301076,1909f56bfc062723c751e8b465ee728b)  -> (artifact id: '4acf920ae820db3e58eb4550648397a0') in 0.012041 seconds 
========================================================================
Received Import Request.
  Time since last request: 0.000124 seconds.
  path: Assets/AstarPathfindingProject/Editor/EditorAssets/DarkSkin/editButton_active@1x.png
  artifactKey: Guid(e0cb3cc51f25a48bf8b0c647452b09b1) Importer(815301076,1909f56bfc062723c751e8b465ee728b)
Start importing Assets/AstarPathfindingProject/Editor/EditorAssets/DarkSkin/editButton_active@1x.png using Guid(e0cb3cc51f25a48bf8b0c647452b09b1) Importer(815301076,1909f56bfc062723c751e8b465ee728b)  -> (artifact id: 'eff881a28181b2755f730cd3c79ed38d') in 0.013348 seconds 
========================================================================
Received Import Request.
  Time since last request: 0.000128 seconds.
  path: Assets/AstarPathfindingProject/Editor/EditorAssets/DarkSkin/deleteButton_active@1x.png
  artifactKey: Guid(d0f7738d6b5b2420b9a77bfef3926e2a) Importer(815301076,1909f56bfc062723c751e8b465ee728b)
Start importing Assets/AstarPathfindingProject/Editor/EditorAssets/DarkSkin/deleteButton_active@1x.png using Guid(d0f7738d6b5b2420b9a77bfef3926e2a) Importer(815301076,1909f56bfc062723c751e8b465ee728b)  -> (artifact id: '38083fdd3ed8c894a84d768ad344c3df') in 0.012273 seconds 
========================================================================
Received Import Request.
  Time since last request: 0.000190 seconds.
  path: Assets/AstarPathfindingProject/Editor/EditorAssets/LightSkin/gizmoButton_on@1x.png
  artifactKey: Guid(455f4fe795672465c8a4e8db3c6b9ccb) Importer(815301076,1909f56bfc062723c751e8b465ee728b)
Start importing Assets/AstarPathfindingProject/Editor/EditorAssets/LightSkin/gizmoButton_on@1x.png using Guid(455f4fe795672465c8a4e8db3c6b9ccb) Importer(815301076,1909f56bfc062723c751e8b465ee728b)  -> (artifact id: '77a12e12bba2c72d2e22b69d784e5fe8') in 0.014312 seconds 
========================================================================
Received Import Request.
  Time since last request: 0.000139 seconds.
  path: Assets/AstarPathfindingProject/Editor/EditorAssets/LightSkin/gizmoButton_off@2x.png
  artifactKey: Guid(deb2afb942c3b42fbba8823da7f05894) Importer(815301076,1909f56bfc062723c751e8b465ee728b)
Start importing Assets/AstarPathfindingProject/Editor/EditorAssets/LightSkin/gizmoButton_off@2x.png using Guid(deb2afb942c3b42fbba8823da7f05894) Importer(815301076,1909f56bfc062723c751e8b465ee728b)  -> (artifact id: '60fe0afa3c89d1da24d409ee7f28fa67') in 0.011574 seconds 
========================================================================
Received Import Request.
  Time since last request: 0.000206 seconds.
  path: Assets/AstarPathfindingProject/ExampleScenes/Materials/Textures/Falloff.psd
  artifactKey: Guid(6f8825d71b24a41f79429012e915aab5) Importer(815301076,1909f56bfc062723c751e8b465ee728b)
Start importing Assets/AstarPathfindingProject/ExampleScenes/Materials/Textures/Falloff.psd using Guid(6f8825d71b24a41f79429012e915aab5) Importer(815301076,1909f56bfc062723c751e8b465ee728b)  -> (artifact id: '95e8cf2cea46467011017d6957d1b3f2') in 0.013544 seconds 
========================================================================
Received Prepare
Refreshing native plugins compatible for Editor in 4.45 ms, found 3 plugins.
Preloading 0 native plugins for Editor in 0.00 ms.
Unloading 24 Unused Serialized files (Serialized files now loaded: 0)
System memory in use before: 136.6 MB.
System memory in use after: 136.7 MB.

Unloading 24 unused Assets to reduce memory usage. Loaded Objects now: 2992.
Total: 3.125600 ms (FindLiveObjects: 0.149900 ms CreateObjectMapping: 0.065200 ms MarkObjects: 2.770000 ms  DeleteObjects: 0.139700 ms)

AssetImportParameters requested are different than current active one (requested -> active):
  custom:framework-win-MediaFoundation: 216162199b28c13a410421893ffa2e32 -> 
  custom:video-decoder-ogg-theora: a1e56fd34408186e4bbccfd4996cb3dc -> 
  custom:container-muxer-webm: aa71ff27fc2769a1b78a27578f13a17b -> 
  custom:container-demuxer-webm: 4f35f7cbe854078d1ac9338744f61a02 -> 
  custom:container-demuxer-ogg: 62fdf1f143b41e24485cea50d1cbac27 -> 
  custom:video-encoder-webm-vp8: eb34c28f22e8b96e1ab97ce403110664 -> 
  custom:video-decoder-webm-vp8: 9c59270c3fd7afecdb556c50c9e8de78 -> 
  custom:audio-decoder-ogg-vorbis: bf7c407c2cedff20999df2af8eb42d56 -> 
  custom:audio-encoder-webm-vorbis: bf7c407c2cedff20999df2af8eb42d56 -> 
========================================================================
Received Prepare
Refreshing native plugins compatible for Editor in 3.82 ms, found 3 plugins.
Preloading 0 native plugins for Editor in 0.00 ms.
Unloading 24 Unused Serialized files (Serialized files now loaded: 0)
System memory in use before: 136.6 MB.
System memory in use after: 136.7 MB.

Unloading 24 unused Assets to reduce memory usage. Loaded Objects now: 2992.
Total: 3.213900 ms (FindLiveObjects: 0.260700 ms CreateObjectMapping: 0.087900 ms MarkObjects: 2.749800 ms  DeleteObjects: 0.114600 ms)

AssetImportParameters requested are different than current active one (requested -> active):
  custom:framework-win-MediaFoundation: 216162199b28c13a410421893ffa2e32 -> 
  custom:video-decoder-ogg-theora: a1e56fd34408186e4bbccfd4996cb3dc -> 
  custom:container-muxer-webm: aa71ff27fc2769a1b78a27578f13a17b -> 
  custom:container-demuxer-webm: 4f35f7cbe854078d1ac9338744f61a02 -> 
  custom:container-demuxer-ogg: 62fdf1f143b41e24485cea50d1cbac27 -> 
  custom:video-encoder-webm-vp8: eb34c28f22e8b96e1ab97ce403110664 -> 
  custom:video-decoder-webm-vp8: 9c59270c3fd7afecdb556c50c9e8de78 -> 
  custom:audio-decoder-ogg-vorbis: bf7c407c2cedff20999df2af8eb42d56 -> 
  custom:audio-encoder-webm-vorbis: bf7c407c2cedff20999df2af8eb42d56 -> 
AssetImportWorkerClient::OnTransportError - code=2 error=End of file
